file /home/robrunne/Workspace/Simulators/zsim/SConstruct,line 256:
	Configure(confdir = build/opt/.sconf_temp)
scons: Configure: Checking for C library hdf5_serial... 
scons: Configure: "build/opt/.sconf_temp/conftest_df286a1d2f67e69d030b4eff75ca7e12_0.c" is up to date.
scons: Configure: The original builder output was:
  |build/opt/.sconf_temp/conftest_df286a1d2f67e69d030b4eff75ca7e12_0.c <-
  |  |
  |  |
  |  |
  |  |int
  |  |main() {
  |  |  
  |  |return 0;
  |  |}
  |  |
  |
scons: Configure: "build/opt/.sconf_temp/conftest_df286a1d2f67e69d030b4eff75ca7e12_0.o" is up to date.
scons: Configure: The original builder output was:
  |gcc -o build/opt/.sconf_temp/conftest_df286a1d2f67e69d030b4eff75ca7e12_0.o -c build/opt/.sconf_temp/conftest_df286a1d2f67e69d030b4eff75ca7e12_0.c
  |
scons: Configure: "build/opt/.sconf_temp/conftest_df286a1d2f67e69d030b4eff75ca7e12_0_ca49ef9cd279053766785426937fe7c5" is up to date.
scons: Configure: The original builder output was:
  |gcc -o build/opt/.sconf_temp/conftest_df286a1d2f67e69d030b4eff75ca7e12_0_ca49ef9cd279053766785426937fe7c5 build/opt/.sconf_temp/conftest_df286a1d2f67e69d030b4eff75ca7e12_0.o -lhdf5_serial
  |
scons: Configure: (cached) yes

scons: Configure: Checking for C library hdf5_serial_hl... 
scons: Configure: "build/opt/.sconf_temp/conftest_df286a1d2f67e69d030b4eff75ca7e12_1.c" is up to date.
scons: Configure: The original builder output was:
  |build/opt/.sconf_temp/conftest_df286a1d2f67e69d030b4eff75ca7e12_1.c <-
  |  |
  |  |
  |  |
  |  |int
  |  |main() {
  |  |  
  |  |return 0;
  |  |}
  |  |
  |
scons: Configure: "build/opt/.sconf_temp/conftest_df286a1d2f67e69d030b4eff75ca7e12_1.o" is up to date.
scons: Configure: The original builder output was:
  |gcc -o build/opt/.sconf_temp/conftest_df286a1d2f67e69d030b4eff75ca7e12_1.o -c build/opt/.sconf_temp/conftest_df286a1d2f67e69d030b4eff75ca7e12_1.c
  |
scons: Configure: "build/opt/.sconf_temp/conftest_df286a1d2f67e69d030b4eff75ca7e12_1_905958850196731ae4f5c21e72ba1ab7" is up to date.
scons: Configure: The original builder output was:
  |gcc -o build/opt/.sconf_temp/conftest_df286a1d2f67e69d030b4eff75ca7e12_1_905958850196731ae4f5c21e72ba1ab7 build/opt/.sconf_temp/conftest_df286a1d2f67e69d030b4eff75ca7e12_1.o -lhdf5_serial -lhdf5_serial_hl
  |
scons: Configure: (cached) yes

